<?xml version="1.0" encoding="UTF-8"?>
<testsuite name="ChessTest" tests="1" skipped="0" failures="0" errors="0" timestamp="2023-06-08T13:54:08" hostname="Sungbin-MacBookPro.local" time="0.019">
  <properties/>
  <testcase name="test()" classname="ChessTest" time="0.019"/>
  <system-out><![CDATA[Junit5 Test
]]></system-out>
  <system-err><![CDATA[]]></system-err>
</testsuite>
